<?xml version="1.0" encoding="UTF-8"?>
<Site BuildName="(empty)"
	BuildStamp="20240811-1433-Experimental"
	Name="(empty)"
	Generator="ctest-3.28.0-rc3"
	CompilerName=""
	CompilerVersion=""
	OSName="Windows"
	Hostname="LAPTOP-MLGLHC47"
	OSRelease=" Personal"
	OSVersion=" (Build 22631)"
	OSPlatform="AMD64"
	Is64Bits="1"
	VendorString="GenuineIntel"
	VendorID="Intel Corporation"
	FamilyID="6"
	ModelID="12"
	ProcessorCacheSize="-1"
	NumberOfLogicalCPU="4"
	NumberOfPhysicalCPU="2"
	TotalVirtualMemory="16969"
	TotalPhysicalMemory="7975"
	LogicalProcessorsPerPhysical="2"
	ProcessorClockFrequency="2995"
	>
	<Testing>
		<StartDateTime>Aug 11 20:33 India Standard Time</StartDateTime>
		<StartTestTime>1723388617</StartTestTime>
		<TestList/>
		<EndDateTime>Aug 11 20:33 India Standard Time</EndDateTime>
		<EndTestTime>1723388617</EndTestTime>
		<ElapsedMinutes>0</ElapsedMinutes>
	</Testing>
</Site>
